
COMMAND:        EpiC rev "field interviewer.qes" "..\..\build\field interviewer.rec" AUTO FORCE
04/05/2012 16:25:24
Revise datafile D:\users\s-balandine\share\nhips\build\field interviewer.rec
Datafile D:\users\s-balandine\share\nhips\build\field interviewer.rec was revised
using D:\users\s-balandine\share\nhips\src\epidata\field interviewer.qes
Revision can have resulted in loss of data in decimal number fields.

COMMAND:        EpiC rev "field supervisor.qes" "..\..\build\field supervisor.rec" AUTO FORCE
04/05/2012 16:25:24
Revise datafile D:\users\s-balandine\share\nhips\build\field supervisor.rec
Datafile D:\users\s-balandine\share\nhips\build\field supervisor.rec was revised
using D:\users\s-balandine\share\nhips\src\epidata\field supervisor.qes
Revision can have resulted in loss of data in decimal number fields.

COMMAND:        EpiC rev household.qes ..\..\build\household.rec AUTO FORCE
04/05/2012 16:25:24
Revise datafile D:\users\s-balandine\share\nhips\build\household.rec
Datafile D:\users\s-balandine\share\nhips\build\household.rec was revised
using D:\users\s-balandine\share\nhips\src\epidata\household.qes
Revision can have resulted in loss of data in decimal number fields.

COMMAND:        EpiC rev "household member.qes" "..\..\build\household member.rec" AUTO FORCE
04/05/2012 16:25:24
Revise datafile D:\users\s-balandine\share\nhips\build\household member.rec
Datafile D:\users\s-balandine\share\nhips\build\household member.rec was revised
using D:\users\s-balandine\share\nhips\src\epidata\household member.qes
Revision can have resulted in loss of data in decimal number fields.

COMMAND:        EpiC rev "office editor.qes" "..\..\build\office editor.rec" AUTO FORCE
04/05/2012 16:25:24
Revise datafile D:\users\s-balandine\share\nhips\build\office editor.rec
Datafile D:\users\s-balandine\share\nhips\build\office editor.rec was revised
using D:\users\s-balandine\share\nhips\src\epidata\office editor.qes
Revision can have resulted in loss of data in decimal number fields.
